<?xml version="1.0" encoding="UTF-8"?>
<testsuite name="com.example.project.TestTriangleCollection" tests="3" skipped="0" failures="0" errors="0" timestamp="2025-01-06T17:03:45" hostname="codespaces-c2ca0d" time="0.113">
  <properties/>
  <testcase name="testShiftTriangles()" classname="com.example.project.TestTriangleCollection" time="0.099"/>
  <testcase name="testTotalPerimeter()" classname="com.example.project.TestTriangleCollection" time="0.003"/>
  <testcase name="testTriangleCollection()" classname="com.example.project.TestTriangleCollection" time="0.004"/>
  <system-out><![CDATA[]]></system-out>
  <system-err><![CDATA[]]></system-err>
</testsuite>
